Release 14.7 - xst P.20131013 (nt64)
Copyright (c) 1995-2013 Xilinx, Inc.  All rights reserved.
--> Parameter TMPDIR set to xst/projnav.tmp


Total REAL time to Xst completion: 1.00 secs
Total CPU time to Xst completion: 0.35 secs
 
--> Parameter xsthdpdir set to xst


Total REAL time to Xst completion: 1.00 secs
Total CPU time to Xst completion: 0.35 secs
 
--> Reading design: Decode_SPIpacket.prj

TABLE OF CONTENTS
  1) Synthesis Options Summary
  2) HDL Parsing
  3) HDL Elaboration
  4) HDL Synthesis
       4.1) HDL Synthesis Report
  5) Advanced HDL Synthesis
       5.1) Advanced HDL Synthesis Report
  6) Low Level Synthesis
  7) Partition Report
  8) Design Summary
       8.1) Primitive and Black Box Usage
       8.2) Device utilization summary
       8.3) Partition Resource Summary
       8.4) Timing Report
            8.4.1) Clock Information
            8.4.2) Asynchronous Control Signals Information
            8.4.3) Timing Summary
            8.4.4) Timing Details
            8.4.5) Cross Clock Domains Report


=========================================================================
*                      Synthesis Options Summary                        *
=========================================================================
---- Source Parameters
Input File Name                    : "Decode_SPIpacket.prj"
Ignore Synthesis Constraint File   : NO

---- Target Parameters
Output File Name                   : "Decode_SPIpacket"
Output Format                      : NGC
Target Device                      : xc6slx9-2-ftg256

---- Source Options
Top Module Name                    : Decode_SPIpacket
Automatic FSM Extraction           : YES
FSM Encoding Algorithm             : Auto
Safe Implementation                : No
FSM Style                          : LUT
RAM Extraction                     : Yes
RAM Style                          : Auto
ROM Extraction                     : Yes
Shift Register Extraction          : YES
ROM Style                          : Auto
Resource Sharing                   : YES
Asynchronous To Synchronous        : NO
Shift Register Minimum Size        : 2
Use DSP Block                      : Auto
Automatic Register Balancing       : No

---- Target Options
LUT Combining                      : Auto
Reduce Control Sets                : Auto
Add IO Buffers                     : YES
Global Maximum Fanout              : 100000
Add Generic Clock Buffer(BUFG)     : 16
Register Duplication               : YES
Optimize Instantiated Primitives   : NO
Use Clock Enable                   : Auto
Use Synchronous Set                : Auto
Use Synchronous Reset              : Auto
Pack IO Registers into IOBs        : Auto
Equivalent register Removal        : YES

---- General Options
Optimization Goal                  : Speed
Optimization Effort                : 1
Power Reduction                    : NO
Keep Hierarchy                     : No
Netlist Hierarchy                  : As_Optimized
RTL Output                         : Yes
Global Optimization                : AllClockNets
Read Cores                         : YES
Write Timing Constraints           : NO
Cross Clock Analysis               : NO
Hierarchy Separator                : /
Bus Delimiter                      : <>
Case Specifier                     : Maintain
Slice Utilization Ratio            : 100
BRAM Utilization Ratio             : 100
DSP48 Utilization Ratio            : 100
Auto BRAM Packing                  : NO
Slice Utilization Ratio Delta      : 5

=========================================================================


=========================================================================
*                          HDL Parsing                                  *
=========================================================================
Parsing VHDL file "C:\Users\Maxime\Documents\Drone\FPGA\Motor_control_FPGA\Decode_SPIpacket.vhd" into library work
Parsing entity <Decode_SPIpacket>.
Parsing architecture <Behavioral> of entity <decode_spipacket>.

=========================================================================
*                            HDL Elaboration                            *
=========================================================================

Elaborating entity <Decode_SPIpacket> (architecture <Behavioral>) from library <work>.
INFO:HDLCompiler:679 - "C:\Users\Maxime\Documents\Drone\FPGA\Motor_control_FPGA\Decode_SPIpacket.vhd" Line 104. Case statement is complete. others clause is never selected
INFO:HDLCompiler:679 - "C:\Users\Maxime\Documents\Drone\FPGA\Motor_control_FPGA\Decode_SPIpacket.vhd" Line 136. Case statement is complete. others clause is never selected

=========================================================================
*                           HDL Synthesis                               *
=========================================================================

Synthesizing Unit <Decode_SPIpacket>.
    Related source file is "C:\Users\Maxime\Documents\Drone\FPGA\Motor_control_FPGA\Decode_SPIpacket.vhd".
    Found 3-bit register for signal <sel_inter>.
    Found 11-bit register for signal <duty_inter>.
    Found 4-bit register for signal <SFD>.
    Found 4-bit register for signal <CMD>.
    Found 7-bit register for signal <VALUE>.
    Found 1-bit register for signal <FCS>.
    Found 1-bit register for signal <Control_SFD>.
    Found 1-bit register for signal <Control_CMD>.
    Found 1-bit register for signal <Control_FCS>.
    Found 3-bit register for signal <result_control>.
    Found 4x1-bit Read Only RAM for signal <CMD[1]_PWR_3_o_Mux_1_o>
    Found 16x3-bit Read Only RAM for signal <CMD[3]_PWR_3_o_wide_mux_3_OUT>
    Summary:
	inferred   2 RAM(s).
	inferred  36 D-type flip-flop(s).
	inferred   2 Multiplexer(s).
Unit <Decode_SPIpacket> synthesized.

=========================================================================
HDL Synthesis Report

Macro Statistics
# RAMs                                                 : 2
 16x3-bit single-port Read Only RAM                    : 1
 4x1-bit single-port Read Only RAM                     : 1
# Registers                                            : 8
 1-bit register                                        : 1
 11-bit register                                       : 1
 3-bit register                                        : 3
 4-bit register                                        : 2
 7-bit register                                        : 1
# Multiplexers                                         : 2
 11-bit 2-to-1 multiplexer                             : 1
 3-bit 2-to-1 multiplexer                              : 1
# Xors                                                 : 1
 1-bit xor12                                           : 1

=========================================================================

=========================================================================
*                       Advanced HDL Synthesis                          *
=========================================================================


Synthesizing (advanced) Unit <Decode_SPIpacket>.
INFO:Xst:3231 - The small RAM <Mram_CMD[1]_PWR_3_o_Mux_1_o> will be implemented on LUTs in order to maximize performance and save block RAM resources. If you want to force its implementation on block, use option/constraint ram_style.
    -----------------------------------------------------------------------
    | ram_type           | Distributed                         |          |
    -----------------------------------------------------------------------
    | Port A                                                              |
    |     aspect ratio   | 4-word x 1-bit                      |          |
    |     weA            | connected to signal <GND>           | high     |
    |     addrA          | connected to signal <CMD<1:0>>      |          |
    |     diA            | connected to signal <GND>           |          |
    |     doA            | connected to internal node          |          |
    -----------------------------------------------------------------------
INFO:Xst:3231 - The small RAM <Mram_CMD[3]_PWR_3_o_wide_mux_3_OUT> will be implemented on LUTs in order to maximize performance and save block RAM resources. If you want to force its implementation on block, use option/constraint ram_style.
    -----------------------------------------------------------------------
    | ram_type           | Distributed                         |          |
    -----------------------------------------------------------------------
    | Port A                                                              |
    |     aspect ratio   | 16-word x 3-bit                     |          |
    |     weA            | connected to signal <GND>           | high     |
    |     addrA          | connected to signal <CMD>           |          |
    |     diA            | connected to signal <GND>           |          |
    |     doA            | connected to internal node          |          |
    -----------------------------------------------------------------------
INFO:Xst:3217 - HDL ADVISOR - Register <sel_inter> currently described with an asynchronous reset, could be combined with distributed RAM <Mram_CMD[3]_PWR_3_o_wide_mux_3_OUT> for implementation on block RAM resources if you made this reset synchronous instead.
Unit <Decode_SPIpacket> synthesized (advanced).

=========================================================================
Advanced HDL Synthesis Report

Macro Statistics
# RAMs                                                 : 2
 16x3-bit single-port distributed Read Only RAM        : 1
 4x1-bit single-port distributed Read Only RAM         : 1
# Registers                                            : 36
 Flip-Flops                                            : 36
# Multiplexers                                         : 2
 11-bit 2-to-1 multiplexer                             : 1
 3-bit 2-to-1 multiplexer                              : 1
# Xors                                                 : 1
 1-bit xor12                                           : 1

=========================================================================

=========================================================================
*                         Low Level Synthesis                           *
=========================================================================
WARNING:Xst:1293 - FF/Latch <duty_inter_7> has a constant value of 0 in block <Decode_SPIpacket>. This FF/Latch will be trimmed during the optimization process.
WARNING:Xst:1896 - Due to other FF/Latch trimming, FF/Latch <duty_inter_8> has a constant value of 0 in block <Decode_SPIpacket>. This FF/Latch will be trimmed during the optimization process.
WARNING:Xst:1896 - Due to other FF/Latch trimming, FF/Latch <duty_inter_9> has a constant value of 0 in block <Decode_SPIpacket>. This FF/Latch will be trimmed during the optimization process.
WARNING:Xst:1896 - Due to other FF/Latch trimming, FF/Latch <duty_inter_10> has a constant value of 0 in block <Decode_SPIpacket>. This FF/Latch will be trimmed during the optimization process.
WARNING:Xst:3002 - This design contains one or more registers/latches that are directly
   incompatible with the Spartan6 architecture. The two primary causes of this is
   either a register or latch described with both an asynchronous set and
   asynchronous reset, or a register or latch described with an asynchronous
   set or reset which however has an initialization value of the opposite 
   polarity (i.e. asynchronous reset with an initialization value of 1).
    While this circuit can be built, it creates a sub-optimal implementation
   in terms of area, power and performance. For a more optimal implementation
   Xilinx highly recommends one of the following:

          1) Remove either the set or reset from all registers and latches
             if not needed for required functionality
          2) Modify the code in order to produce a synchronous set
             and/or reset (both is preferred)
          3) Ensure all registers have the same initialization value as the
             described asynchronous set or reset polarity
          4) Use the -async_to_sync option to transform the asynchronous
             set/reset to synchronous operation
             (timing simulation highly recommended when using this option)

  Please refer to http://www.xilinx.com search string "Spartan6 asynchronous set/reset" for more details.

  List of register instances with asynchronous set or reset and opposite initialization value:
    sel_inter_2 in unit <Decode_SPIpacket>
    sel_inter_1 in unit <Decode_SPIpacket>
    sel_inter_0 in unit <Decode_SPIpacket>


Optimizing unit <Decode_SPIpacket> ...

Mapping all equations...
Building and optimizing final netlist ...
Found area constraint ratio of 100 (+ 5) on block Decode_SPIpacket, actual ratio is 0.
WARNING:Xst:1426 - The value init of the FF/Latch sel_inter_0_LD hinder the constant cleaning in the block Decode_SPIpacket.
   You should achieve better results by setting this init to 1.

Final Macro Processing ...

=========================================================================
Final Register Report

Macro Statistics
# Registers                                            : 35
 Flip-Flops                                            : 35

=========================================================================

=========================================================================
*                           Partition Report                            *
=========================================================================

Partition Implementation Status
-------------------------------

  No Partitions were found in this design.

-------------------------------

=========================================================================
*                            Design Summary                             *
=========================================================================

Top Level Output File Name         : Decode_SPIpacket.ngc

Primitive and Black Box Usage:
------------------------------
# BELS                             : 23
#      GND                         : 1
#      INV                         : 2
#      LUT2                        : 2
#      LUT3                        : 4
#      LUT4                        : 8
#      LUT5                        : 2
#      LUT6                        : 3
#      VCC                         : 1
# FlipFlops/Latches                : 36
#      FD                          : 3
#      FDC                         : 7
#      FDE                         : 22
#      FDP                         : 3
#      LD                          : 1
# Clock Buffers                    : 2
#      BUFG                        : 1
#      BUFGP                       : 1
# IO Buffers                       : 31
#      IBUF                        : 17
#      OBUF                        : 14

Device utilization summary:
---------------------------

Selected Device : 6slx9ftg256-2 


Slice Logic Utilization: 
 Number of Slice Registers:              36  out of  11440     0%  
 Number of Slice LUTs:                   21  out of   5720     0%  
    Number used as Logic:                21  out of   5720     0%  

Slice Logic Distribution: 
 Number of LUT Flip Flop pairs used:     40
   Number with an unused Flip Flop:       4  out of     40    10%  
   Number with an unused LUT:            19  out of     40    47%  
   Number of fully used LUT-FF pairs:    17  out of     40    42%  
   Number of unique control sets:         4

IO Utilization: 
 Number of IOs:                          32
 Number of bonded IOBs:                  32  out of    186    17%  

Specific Feature Utilization:
 Number of BUFG/BUFGCTRLs:                2  out of     16    12%  

---------------------------
Partition Resource Summary:
---------------------------

  No Partitions were found in this design.

---------------------------


=========================================================================
Timing Report

NOTE: THESE TIMING NUMBERS ARE ONLY A SYNTHESIS ESTIMATE.
      FOR ACCURATE TIMING INFORMATION PLEASE REFER TO THE TRACE REPORT
      GENERATED AFTER PLACE-and-ROUTE.

Clock Information:
------------------
-----------------------------------+------------------------+-------+
Clock Signal                       | Clock buffer(FF name)  | Load  |
-----------------------------------+------------------------+-------+
clk                                | BUFGP                  | 35    |
reset                              | IBUF+BUFG              | 1     |
-----------------------------------+------------------------+-------+

Asynchronous Control Signals Information:
----------------------------------------
No asynchronous control signals found in this design

Timing Summary:
---------------
Speed Grade: -2

   Minimum period: 3.049ns (Maximum Frequency: 327.976MHz)
   Minimum input arrival time before clock: 4.406ns
   Maximum output required time after clock: 5.403ns
   Maximum combinational path delay: No path found

Timing Details:
---------------
All values displayed in nanoseconds (ns)

=========================================================================
Timing constraint: Default period analysis for Clock 'clk'
  Clock period: 3.049ns (frequency: 327.976MHz)
  Total number of paths / destination ports: 89 / 19
-------------------------------------------------------------------------
Delay:               3.049ns (Levels of Logic = 2)
  Source:            VALUE_0 (FF)
  Destination:       Control_SFD,Control_CMD,Control_FCS_sliced_1 (FF)
  Source Clock:      clk rising
  Destination Clock: clk rising

  Data Path: VALUE_0 to Control_SFD,Control_CMD,Control_FCS_sliced_1
                                Gate     Net
    Cell:in->out      fanout   Delay   Delay  Logical Name (Net Name)
    ----------------------------------------  ------------
     FDE:C->Q              2   0.525   1.156  VALUE_0 (VALUE_0)
     LUT6:I1->O            1   0.254   0.790  Mxor_CMD[3]_FCS_XOR_15_o_xo<0>1 (Mxor_CMD[3]_FCS_XOR_15_o_xo<0>)
     LUT2:I0->O            1   0.250   0.000  Mxor_CMD[3]_FCS_XOR_15_o_xo<0>3 (CMD[3]_FCS_XOR_15_o)
     FDE:D                     0.074          Control_SFD,Control_CMD,Control_FCS_sliced_1
    ----------------------------------------
    Total                      3.049ns (1.103ns logic, 1.946ns route)
                                       (36.2% logic, 63.8% route)

=========================================================================
Timing constraint: Default OFFSET IN BEFORE for Clock 'clk'
  Total number of paths / destination ports: 48 / 48
-------------------------------------------------------------------------
Offset:              4.406ns (Levels of Logic = 2)
  Source:            reset (PAD)
  Destination:       duty_inter_0 (FF)
  Destination Clock: clk rising

  Data Path: reset to duty_inter_0
                                Gate     Net
    Cell:in->out      fanout   Delay   Delay  Logical Name (Net Name)
    ----------------------------------------  ------------
     IBUF:I->O            23   1.328   1.357  reset_IBUF (reset_IBUF)
     INV:I->O             10   0.255   1.007  reset_IBUF_BUFG_LUT1_INV_0 (reset_IBUF_BUFG_LUT1)
     FDC:CLR                   0.459          duty_inter_0
    ----------------------------------------
    Total                      4.406ns (2.042ns logic, 2.364ns route)
                                       (46.3% logic, 53.7% route)

=========================================================================
Timing constraint: Default OFFSET OUT AFTER for Clock 'reset'
  Total number of paths / destination ports: 3 / 3
-------------------------------------------------------------------------
Offset:              5.403ns (Levels of Logic = 2)
  Source:            sel_inter_0_LD (LATCH)
  Destination:       sel<2> (PAD)
  Source Clock:      reset rising

  Data Path: sel_inter_0_LD to sel<2>
                                Gate     Net
    Cell:in->out      fanout   Delay   Delay  Logical Name (Net Name)
    ----------------------------------------  ------------
     LD:G->Q               3   0.581   0.994  sel_inter_0_LD (sel_inter_0_LD)
     LUT3:I0->O            1   0.235   0.681  sel_inter_01 (sel_inter_0)
     OBUF:I->O                 2.912          sel_0_OBUF (sel<0>)
    ----------------------------------------
    Total                      5.403ns (3.728ns logic, 1.675ns route)
                                       (69.0% logic, 31.0% route)

=========================================================================
Timing constraint: Default OFFSET OUT AFTER for Clock 'clk'
  Total number of paths / destination ports: 13 / 10
-------------------------------------------------------------------------
Offset:              5.158ns (Levels of Logic = 2)
  Source:            sel_inter_2_P_2 (FF)
  Destination:       sel<2> (PAD)
  Source Clock:      clk rising

  Data Path: sel_inter_2_P_2 to sel<2>
                                Gate     Net
    Cell:in->out      fanout   Delay   Delay  Logical Name (Net Name)
    ----------------------------------------  ------------
     FDP:C->Q              1   0.525   0.790  sel_inter_2_P_2 (sel_inter_2_P_2)
     LUT3:I1->O            1   0.250   0.681  sel_inter_21 (sel_inter_2)
     OBUF:I->O                 2.912          sel_2_OBUF (sel<2>)
    ----------------------------------------
    Total                      5.158ns (3.687ns logic, 1.471ns route)
                                       (71.5% logic, 28.5% route)

=========================================================================

Cross Clock Domains Report:
--------------------------

Clock to Setup on destination clock clk
---------------+---------+---------+---------+---------+
               | Src:Rise| Src:Fall| Src:Rise| Src:Fall|
Source Clock   |Dest:Rise|Dest:Rise|Dest:Fall|Dest:Fall|
---------------+---------+---------+---------+---------+
clk            |    3.049|         |         |         |
---------------+---------+---------+---------+---------+

=========================================================================


Total REAL time to Xst completion: 6.00 secs
Total CPU time to Xst completion: 5.58 secs
 
--> 

Total memory usage is 4447428 kilobytes

Number of errors   :    0 (   0 filtered)
Number of warnings :    6 (   0 filtered)
Number of infos    :    3 (   0 filtered)

