Release 14.7 - xst P.20131013 (nt64)
Copyright (c) 1995-2013 Xilinx, Inc.  All rights reserved.
--> Parameter TMPDIR set to xst/projnav.tmp


Total REAL time to Xst completion: 1.00 secs
Total CPU time to Xst completion: 0.22 secs
 
--> Parameter xsthdpdir set to xst


Total REAL time to Xst completion: 1.00 secs
Total CPU time to Xst completion: 0.22 secs
 
--> Reading design: Demux_motors.prj

TABLE OF CONTENTS
  1) Synthesis Options Summary
  2) HDL Parsing
  3) HDL Elaboration
  4) HDL Synthesis
       4.1) HDL Synthesis Report
  5) Advanced HDL Synthesis
       5.1) Advanced HDL Synthesis Report
  6) Low Level Synthesis
  7) Partition Report
  8) Design Summary
       8.1) Primitive and Black Box Usage
       8.2) Device utilization summary
       8.3) Partition Resource Summary
       8.4) Timing Report
            8.4.1) Clock Information
            8.4.2) Asynchronous Control Signals Information
            8.4.3) Timing Summary
            8.4.4) Timing Details
            8.4.5) Cross Clock Domains Report


=========================================================================
*                      Synthesis Options Summary                        *
=========================================================================
---- Source Parameters
Input File Name                    : "Demux_motors.prj"
Ignore Synthesis Constraint File   : NO

---- Target Parameters
Output File Name                   : "Demux_motors"
Output Format                      : NGC
Target Device                      : xc6slx9-2-ftg256

---- Source Options
Top Module Name                    : Demux_motors
Automatic FSM Extraction           : YES
FSM Encoding Algorithm             : Auto
Safe Implementation                : No
FSM Style                          : LUT
RAM Extraction                     : Yes
RAM Style                          : Auto
ROM Extraction                     : Yes
Shift Register Extraction          : YES
ROM Style                          : Auto
Resource Sharing                   : YES
Asynchronous To Synchronous        : NO
Shift Register Minimum Size        : 2
Use DSP Block                      : Auto
Automatic Register Balancing       : No

---- Target Options
LUT Combining                      : Auto
Reduce Control Sets                : Auto
Add IO Buffers                     : YES
Global Maximum Fanout              : 100000
Add Generic Clock Buffer(BUFG)     : 16
Register Duplication               : YES
Optimize Instantiated Primitives   : NO
Use Clock Enable                   : Auto
Use Synchronous Set                : Auto
Use Synchronous Reset              : Auto
Pack IO Registers into IOBs        : Auto
Equivalent register Removal        : YES

---- General Options
Optimization Goal                  : Speed
Optimization Effort                : 1
Power Reduction                    : NO
Keep Hierarchy                     : No
Netlist Hierarchy                  : As_Optimized
RTL Output                         : Yes
Global Optimization                : AllClockNets
Read Cores                         : YES
Write Timing Constraints           : NO
Cross Clock Analysis               : NO
Hierarchy Separator                : /
Bus Delimiter                      : <>
Case Specifier                     : Maintain
Slice Utilization Ratio            : 100
BRAM Utilization Ratio             : 100
DSP48 Utilization Ratio            : 100
Auto BRAM Packing                  : NO
Slice Utilization Ratio Delta      : 5

=========================================================================


=========================================================================
*                          HDL Parsing                                  *
=========================================================================
Parsing VHDL file "C:\Users\Maxime\Documents\Drone\FPGA\Motor_control_FPGA\Demux_motors.vhd" into library work
Parsing entity <Demux_motors>.
Parsing architecture <Behavioral> of entity <demux_motors>.

=========================================================================
*                            HDL Elaboration                            *
=========================================================================

Elaborating entity <Demux_motors> (architecture <Behavioral>) from library <work>.

=========================================================================
*                           HDL Synthesis                               *
=========================================================================

Synthesizing Unit <Demux_motors>.
    Related source file is "C:\Users\Maxime\Documents\Drone\FPGA\Motor_control_FPGA\Demux_motors.vhd".
    Found 11-bit register for signal <duty_M2_inter>.
    Found 11-bit register for signal <duty_M3_inter>.
    Found 11-bit register for signal <duty_M4_inter>.
    Found 11-bit register for signal <duty_M1_inter>.
    Summary:
	inferred  44 D-type flip-flop(s).
	inferred   9 Multiplexer(s).
Unit <Demux_motors> synthesized.

=========================================================================
HDL Synthesis Report

Macro Statistics
# Registers                                            : 4
 11-bit register                                       : 4
# Multiplexers                                         : 9
 11-bit 2-to-1 multiplexer                             : 9

=========================================================================

=========================================================================
*                       Advanced HDL Synthesis                          *
=========================================================================


=========================================================================
Advanced HDL Synthesis Report

Macro Statistics
# Registers                                            : 44
 Flip-Flops                                            : 44
# Multiplexers                                         : 9
 11-bit 2-to-1 multiplexer                             : 9

=========================================================================

=========================================================================
*                         Low Level Synthesis                           *
=========================================================================

Optimizing unit <Demux_motors> ...

Mapping all equations...
Building and optimizing final netlist ...
Found area constraint ratio of 100 (+ 5) on block Demux_motors, actual ratio is 1.

Final Macro Processing ...

=========================================================================
Final Register Report

Macro Statistics
# Registers                                            : 44
 Flip-Flops                                            : 44

=========================================================================

=========================================================================
*                           Partition Report                            *
=========================================================================

Partition Implementation Status
-------------------------------

  No Partitions were found in this design.

-------------------------------

=========================================================================
*                            Design Summary                             *
=========================================================================

Top Level Output File Name         : Demux_motors.ngc

Primitive and Black Box Usage:
------------------------------
# BELS                             : 38
#      INV                         : 1
#      LUT3                        : 26
#      LUT4                        : 11
# FlipFlops/Latches                : 44
#      FDCE                        : 44
# Clock Buffers                    : 1
#      BUFGP                       : 1
# IO Buffers                       : 59
#      IBUF                        : 15
#      OBUF                        : 44

Device utilization summary:
---------------------------

Selected Device : 6slx9ftg256-2 


Slice Logic Utilization: 
 Number of Slice LUTs:                   38  out of   5720     0%  
    Number used as Logic:                38  out of   5720     0%  

Slice Logic Distribution: 
 Number of LUT Flip Flop pairs used:     38
   Number with an unused Flip Flop:      38  out of     38   100%  
   Number with an unused LUT:             0  out of     38     0%  
   Number of fully used LUT-FF pairs:     0  out of     38     0%  
   Number of unique control sets:         4

IO Utilization: 
 Number of IOs:                          60
 Number of bonded IOBs:                  60  out of    186    32%  
    IOB Flip Flops/Latches:              44

Specific Feature Utilization:
 Number of BUFG/BUFGCTRLs:                1  out of     16     6%  

---------------------------
Partition Resource Summary:
---------------------------

  No Partitions were found in this design.

---------------------------


=========================================================================
Timing Report

NOTE: THESE TIMING NUMBERS ARE ONLY A SYNTHESIS ESTIMATE.
      FOR ACCURATE TIMING INFORMATION PLEASE REFER TO THE TRACE REPORT
      GENERATED AFTER PLACE-and-ROUTE.

Clock Information:
------------------
-----------------------------------+------------------------+-------+
Clock Signal                       | Clock buffer(FF name)  | Load  |
-----------------------------------+------------------------+-------+
clk                                | BUFGP                  | 44    |
-----------------------------------+------------------------+-------+

Asynchronous Control Signals Information:
----------------------------------------
No asynchronous control signals found in this design

Timing Summary:
---------------
Speed Grade: -2

   Minimum period: No path found
   Minimum input arrival time before clock: 4.735ns
   Maximum output required time after clock: 4.118ns
   Maximum combinational path delay: No path found

Timing Details:
---------------
All values displayed in nanoseconds (ns)

=========================================================================
Timing constraint: Default OFFSET IN BEFORE for Clock 'clk'
  Total number of paths / destination ports: 319 / 132
-------------------------------------------------------------------------
Offset:              4.735ns (Levels of Logic = 2)
  Source:            sel<2> (PAD)
  Destination:       duty_M2_inter_0 (FF)
  Destination Clock: clk rising

  Data Path: sel<2> to duty_M2_inter_0
                                Gate     Net
    Cell:in->out      fanout   Delay   Delay  Logical Name (Net Name)
    ----------------------------------------  ------------
     IBUF:I->O            37   1.328   1.832  sel_2_IBUF (sel_2_IBUF)
     LUT3:I0->O           11   0.235   1.038  _n0081_inv1 (_n0081_inv)
     FDCE:CE                   0.302          duty_M4_inter_0
    ----------------------------------------
    Total                      4.735ns (1.865ns logic, 2.870ns route)
                                       (39.4% logic, 60.6% route)

=========================================================================
Timing constraint: Default OFFSET OUT AFTER for Clock 'clk'
  Total number of paths / destination ports: 44 / 44
-------------------------------------------------------------------------
Offset:              4.118ns (Levels of Logic = 1)
  Source:            duty_M1_inter_10 (FF)
  Destination:       duty_M1<10> (PAD)
  Source Clock:      clk rising

  Data Path: duty_M1_inter_10 to duty_M1<10>
                                Gate     Net
    Cell:in->out      fanout   Delay   Delay  Logical Name (Net Name)
    ----------------------------------------  ------------
     FDCE:C->Q             1   0.525   0.681  duty_M1_inter_10 (duty_M1_inter_10)
     OBUF:I->O                 2.912          duty_M1_10_OBUF (duty_M1<10>)
    ----------------------------------------
    Total                      4.118ns (3.437ns logic, 0.681ns route)
                                       (83.5% logic, 16.5% route)

=========================================================================

Cross Clock Domains Report:
--------------------------

=========================================================================


Total REAL time to Xst completion: 7.00 secs
Total CPU time to Xst completion: 6.64 secs
 
--> 

Total memory usage is 4447428 kilobytes

Number of errors   :    0 (   0 filtered)
Number of warnings :    0 (   0 filtered)
Number of infos    :    0 (   0 filtered)

