--------------------------------------------------------------------------------
Release 14.7 Trace  (nt64)
Copyright (c) 1995-2013 Xilinx, Inc.  All rights reserved.

C:\Xilinx\14.7\ISE_DS\ISE\bin\nt64\unwrapped\trce.exe -intstyle ise -v 3 -s 2
-n 3 -fastpaths -xml pwm.twx pwm.ncd -o pwm.twr pwm.pcf

Design file:              pwm.ncd
Physical constraint file: pwm.pcf
Device,package,speed:     xc6slx9,ftg256,C,-2 (PRODUCTION 1.23 2013-10-13)
Report level:             verbose report

Environment Variable      Effect 
--------------------      ------ 
NONE                      No environment variables were set
--------------------------------------------------------------------------------

INFO:Timing:2698 - No timing constraints found, doing default enumeration.
INFO:Timing:3412 - To improve timing, see the Timing Closure User Guide (UG612).
INFO:Timing:2752 - To get complete path coverage, use the unconstrained paths 
   option. All paths that are not constrained will be reported in the 
   unconstrained paths section(s) of the report.
INFO:Timing:3339 - The clock-to-out numbers in this timing report are based on 
   a 50 Ohm transmission line loading model.  For the details of this model, 
   and for more information on accounting for different loading conditions, 
   please see the device datasheet.



Data Sheet report:
-----------------
All values displayed in nanoseconds (ns)

Setup/Hold to clock clk
------------+------------+------------+------------+------------+------------------+--------+
            |Max Setup to|  Process   |Max Hold to |  Process   |                  | Clock  |
Source      | clk (edge) |   Corner   | clk (edge) |   Corner   |Internal Clock(s) | Phase  |
------------+------------+------------+------------+------------+------------------+--------+
duty<0>     |    9.877(R)|      SLOW  |   -2.126(R)|      FAST  |clk_BUFGP         |   0.000|
duty<1>     |    9.867(R)|      SLOW  |   -2.076(R)|      FAST  |clk_BUFGP         |   0.000|
duty<2>     |    9.526(R)|      SLOW  |   -1.897(R)|      FAST  |clk_BUFGP         |   0.000|
duty<3>     |    9.661(R)|      SLOW  |   -1.977(R)|      FAST  |clk_BUFGP         |   0.000|
duty<4>     |    9.568(R)|      SLOW  |   -1.971(R)|      FAST  |clk_BUFGP         |   0.000|
duty<5>     |    9.503(R)|      SLOW  |   -1.860(R)|      FAST  |clk_BUFGP         |   0.000|
duty<6>     |    9.459(R)|      SLOW  |   -1.860(R)|      FAST  |clk_BUFGP         |   0.000|
duty<7>     |    9.262(R)|      SLOW  |   -1.722(R)|      FAST  |clk_BUFGP         |   0.000|
duty<8>     |    9.219(R)|      SLOW  |   -1.714(R)|      FAST  |clk_BUFGP         |   0.000|
duty<9>     |    9.248(R)|      SLOW  |   -1.706(R)|      FAST  |clk_BUFGP         |   0.000|
duty<10>    |    9.162(R)|      SLOW  |   -1.676(R)|      FAST  |clk_BUFGP         |   0.000|
reset       |    4.895(R)|      SLOW  |   -0.253(R)|      SLOW  |clk_BUFGP         |   0.000|
------------+------------+------------+------------+------------+------------------+--------+

Clock clk to Pad
------------+-----------------+------------+-----------------+------------+------------------+--------+
            |Max (slowest) clk|  Process   |Min (fastest) clk|  Process   |                  | Clock  |
Destination |  (edge) to PAD  |   Corner   |  (edge) to PAD  |   Corner   |Internal Clock(s) | Phase  |
------------+-----------------+------------+-----------------+------------+------------------+--------+
pwm_out     |         9.179(R)|      SLOW  |         3.813(R)|      FAST  |clk_BUFGP         |   0.000|
------------+-----------------+------------+-----------------+------------+------------------+--------+

Clock to Setup on destination clock clk
---------------+---------+---------+---------+---------+
               | Src:Rise| Src:Fall| Src:Rise| Src:Fall|
Source Clock   |Dest:Rise|Dest:Rise|Dest:Fall|Dest:Fall|
---------------+---------+---------+---------+---------+
clk            |    5.441|         |         |         |
---------------+---------+---------+---------+---------+


Analysis completed Thu Mar 05 15:54:47 2020 
--------------------------------------------------------------------------------

Trace Settings:
-------------------------
Trace Settings 

Peak Memory Usage: 4568 MB



