Release 14.7 - xst P.20131013 (nt64)
Copyright (c) 1995-2013 Xilinx, Inc.  All rights reserved.
--> Parameter TMPDIR set to xst/projnav.tmp


Total REAL time to Xst completion: 1.00 secs
Total CPU time to Xst completion: 0.38 secs
 
--> Parameter xsthdpdir set to xst


Total REAL time to Xst completion: 1.00 secs
Total CPU time to Xst completion: 0.38 secs
 
--> Reading design: pwm.prj

TABLE OF CONTENTS
  1) Synthesis Options Summary
  2) HDL Parsing
  3) HDL Elaboration
  4) HDL Synthesis
       4.1) HDL Synthesis Report
  5) Advanced HDL Synthesis
       5.1) Advanced HDL Synthesis Report
  6) Low Level Synthesis
  7) Partition Report
  8) Design Summary
       8.1) Primitive and Black Box Usage
       8.2) Device utilization summary
       8.3) Partition Resource Summary
       8.4) Timing Report
            8.4.1) Clock Information
            8.4.2) Asynchronous Control Signals Information
            8.4.3) Timing Summary
            8.4.4) Timing Details
            8.4.5) Cross Clock Domains Report


=========================================================================
*                      Synthesis Options Summary                        *
=========================================================================
---- Source Parameters
Input File Name                    : "pwm.prj"
Ignore Synthesis Constraint File   : NO

---- Target Parameters
Output File Name                   : "pwm"
Output Format                      : NGC
Target Device                      : xc6slx9-2-ftg256

---- Source Options
Top Module Name                    : pwm
Automatic FSM Extraction           : YES
FSM Encoding Algorithm             : Auto
Safe Implementation                : No
FSM Style                          : LUT
RAM Extraction                     : Yes
RAM Style                          : Auto
ROM Extraction                     : Yes
Shift Register Extraction          : YES
ROM Style                          : Auto
Resource Sharing                   : YES
Asynchronous To Synchronous        : NO
Shift Register Minimum Size        : 2
Use DSP Block                      : Auto
Automatic Register Balancing       : No

---- Target Options
LUT Combining                      : Auto
Reduce Control Sets                : Auto
Add IO Buffers                     : YES
Global Maximum Fanout              : 100000
Add Generic Clock Buffer(BUFG)     : 16
Register Duplication               : YES
Optimize Instantiated Primitives   : NO
Use Clock Enable                   : Auto
Use Synchronous Set                : Auto
Use Synchronous Reset              : Auto
Pack IO Registers into IOBs        : Auto
Equivalent register Removal        : YES

---- General Options
Optimization Goal                  : Speed
Optimization Effort                : 1
Power Reduction                    : NO
Keep Hierarchy                     : No
Netlist Hierarchy                  : As_Optimized
RTL Output                         : Yes
Global Optimization                : AllClockNets
Read Cores                         : YES
Write Timing Constraints           : NO
Cross Clock Analysis               : NO
Hierarchy Separator                : /
Bus Delimiter                      : <>
Case Specifier                     : Maintain
Slice Utilization Ratio            : 100
BRAM Utilization Ratio             : 100
DSP48 Utilization Ratio            : 100
Auto BRAM Packing                  : NO
Slice Utilization Ratio Delta      : 5

=========================================================================


=========================================================================
*                          HDL Parsing                                  *
=========================================================================
Parsing VHDL file "C:\Users\Maxime\Documents\Drone\FPGA\Motor_control_FPGA\PWM.vhd" into library work
Parsing entity <pwm>.
Parsing architecture <logic> of entity <pwm>.

=========================================================================
*                            HDL Elaboration                            *
=========================================================================

Elaborating entity <pwm> (architecture <logic>) with generics from library <work>.
WARNING:HDLCompiler:871 - "C:\Users\Maxime\Documents\Drone\FPGA\Motor_control_FPGA\PWM.vhd" Line 37: Using initial value "00001100110" for shift since it is never assigned

=========================================================================
*                           HDL Synthesis                               *
=========================================================================

Synthesizing Unit <pwm>.
    Related source file is "C:\Users\Maxime\Documents\Drone\FPGA\Motor_control_FPGA\PWM.vhd".
        sys_clk = 50000000
        pwm_freq = 50
        bits_resolution = 11
    Found 20-bit register for signal <count>.
    Found 1-bit register for signal <pwm_out>.
    Found 19-bit register for signal <half_duty>.
    Found 21-bit subtractor for signal <GND_5_o_GND_5_o_sub_7_OUT> created at line 61.
    Found 11-bit adder for signal <duty[10]_GND_5_o_add_0_OUT> created at line 52.
    Found 20-bit adder for signal <count[19]_GND_5_o_add_3_OUT> created at line 56.
    Found 11x20-bit multiplier for signal <n0019> created at line 52.
    Found 20-bit comparator equal for signal <GND_5_o_count[19]_equal_6_o> created at line 59
    Found 21-bit comparator not equal for signal <GND_5_o_GND_5_o_equal_8_o> created at line 61
    Summary:
	inferred   1 Multiplier(s).
	inferred   3 Adder/Subtractor(s).
	inferred  40 D-type flip-flop(s).
	inferred   2 Comparator(s).
	inferred   1 Multiplexer(s).
Unit <pwm> synthesized.

=========================================================================
HDL Synthesis Report

Macro Statistics
# Multipliers                                          : 1
 20x11-bit multiplier                                  : 1
# Adders/Subtractors                                   : 3
 11-bit adder                                          : 1
 20-bit adder                                          : 1
 21-bit subtractor                                     : 1
# Registers                                            : 3
 1-bit register                                        : 1
 19-bit register                                       : 1
 20-bit register                                       : 1
# Comparators                                          : 2
 20-bit comparator equal                               : 1
 21-bit comparator not equal                           : 1
# Multiplexers                                         : 1
 20-bit 2-to-1 multiplexer                             : 1

=========================================================================

=========================================================================
*                       Advanced HDL Synthesis                          *
=========================================================================


Synthesizing (advanced) Unit <pwm>.
The following registers are absorbed into counter <count>: 1 register on signal <count>.
Unit <pwm> synthesized (advanced).

=========================================================================
Advanced HDL Synthesis Report

Macro Statistics
# Multipliers                                          : 1
 20x11-bit multiplier                                  : 1
# Adders/Subtractors                                   : 2
 11-bit adder                                          : 1
 21-bit subtractor                                     : 1
# Counters                                             : 1
 20-bit up counter                                     : 1
# Registers                                            : 20
 Flip-Flops                                            : 20
# Comparators                                          : 2
 20-bit comparator equal                               : 1
 21-bit comparator not equal                           : 1

=========================================================================

=========================================================================
*                         Low Level Synthesis                           *
=========================================================================

Optimizing unit <pwm> ...

Mapping all equations...
Building and optimizing final netlist ...
Found area constraint ratio of 100 (+ 5) on block pwm, actual ratio is 2.

Final Macro Processing ...

=========================================================================
Final Register Report

Macro Statistics
# Registers                                            : 26
 Flip-Flops                                            : 26

=========================================================================

=========================================================================
*                           Partition Report                            *
=========================================================================

Partition Implementation Status
-------------------------------

  No Partitions were found in this design.

-------------------------------

=========================================================================
*                            Design Summary                             *
=========================================================================

Top Level Output File Name         : pwm.ngc

Primitive and Black Box Usage:
------------------------------
# BELS                             : 185
#      GND                         : 1
#      INV                         : 17
#      LUT1                        : 25
#      LUT2                        : 3
#      LUT3                        : 3
#      LUT4                        : 3
#      LUT5                        : 2
#      LUT6                        : 37
#      MUXCY                       : 54
#      VCC                         : 1
#      XORCY                       : 39
# FlipFlops/Latches                : 26
#      FDC                         : 21
#      FDE                         : 5
# Clock Buffers                    : 1
#      BUFGP                       : 1
# IO Buffers                       : 13
#      IBUF                        : 12
#      OBUF                        : 1
# DSPs                             : 2
#      DSP48A1                     : 2

Device utilization summary:
---------------------------

Selected Device : 6slx9ftg256-2 


Slice Logic Utilization: 
 Number of Slice Registers:              26  out of  11440     0%  
 Number of Slice LUTs:                   90  out of   5720     1%  
    Number used as Logic:                90  out of   5720     1%  

Slice Logic Distribution: 
 Number of LUT Flip Flop pairs used:     96
   Number with an unused Flip Flop:      70  out of     96    72%  
   Number with an unused LUT:             6  out of     96     6%  
   Number of fully used LUT-FF pairs:    20  out of     96    20%  
   Number of unique control sets:         2

IO Utilization: 
 Number of IOs:                          14
 Number of bonded IOBs:                  14  out of    186     7%  

Specific Feature Utilization:
 Number of BUFG/BUFGCTRLs:                1  out of     16     6%  
 Number of DSP48A1s:                      2  out of     16    12%  

---------------------------
Partition Resource Summary:
---------------------------

  No Partitions were found in this design.

---------------------------


=========================================================================
Timing Report

NOTE: THESE TIMING NUMBERS ARE ONLY A SYNTHESIS ESTIMATE.
      FOR ACCURATE TIMING INFORMATION PLEASE REFER TO THE TRACE REPORT
      GENERATED AFTER PLACE-and-ROUTE.

Clock Information:
------------------
-----------------------------------+------------------------+-------+
Clock Signal                       | Clock buffer(FF name)  | Load  |
-----------------------------------+------------------------+-------+
clk                                | BUFGP                  | 27    |
-----------------------------------+------------------------+-------+

Asynchronous Control Signals Information:
----------------------------------------
No asynchronous control signals found in this design

Timing Summary:
---------------
Speed Grade: -2

   Minimum period: 4.685ns (Maximum Frequency: 213.447MHz)
   Minimum input arrival time before clock: 13.522ns
   Maximum output required time after clock: 4.162ns
   Maximum combinational path delay: No path found

Timing Details:
---------------
All values displayed in nanoseconds (ns)

=========================================================================
Timing constraint: Default period analysis for Clock 'clk'
  Clock period: 4.685ns (frequency: 213.447MHz)
  Total number of paths / destination ports: 918 / 21
-------------------------------------------------------------------------
Delay:               4.685ns (Levels of Logic = 17)
  Source:            Mmult_n00191 (DSP)
  Destination:       pwm_out (FF)
  Source Clock:      clk rising
  Destination Clock: clk rising

  Data Path: Mmult_n00191 to pwm_out
                                Gate     Net
    Cell:in->out      fanout   Delay   Delay  Logical Name (Net Name)
    ----------------------------------------  ------------
     DSP48A1:CLK->P0       2   1.332   0.725  Mmult_n00191 (half_duty<5>)
     INV:I->O              1   0.255   0.000  Msub_GND_5_o_GND_5_o_sub_7_OUT_lut<5>_INV_0 (Msub_GND_5_o_GND_5_o_sub_7_OUT_lut<5>)
     MUXCY:S->O            1   0.215   0.000  Msub_GND_5_o_GND_5_o_sub_7_OUT_cy<5> (Msub_GND_5_o_GND_5_o_sub_7_OUT_cy<5>)
     MUXCY:CI->O           1   0.023   0.000  Msub_GND_5_o_GND_5_o_sub_7_OUT_cy<6> (Msub_GND_5_o_GND_5_o_sub_7_OUT_cy<6>)
     MUXCY:CI->O           1   0.023   0.000  Msub_GND_5_o_GND_5_o_sub_7_OUT_cy<7> (Msub_GND_5_o_GND_5_o_sub_7_OUT_cy<7>)
     MUXCY:CI->O           1   0.023   0.000  Msub_GND_5_o_GND_5_o_sub_7_OUT_cy<8> (Msub_GND_5_o_GND_5_o_sub_7_OUT_cy<8>)
     MUXCY:CI->O           1   0.023   0.000  Msub_GND_5_o_GND_5_o_sub_7_OUT_cy<9> (Msub_GND_5_o_GND_5_o_sub_7_OUT_cy<9>)
     MUXCY:CI->O           1   0.023   0.000  Msub_GND_5_o_GND_5_o_sub_7_OUT_cy<10> (Msub_GND_5_o_GND_5_o_sub_7_OUT_cy<10>)
     MUXCY:CI->O           1   0.023   0.000  Msub_GND_5_o_GND_5_o_sub_7_OUT_cy<11> (Msub_GND_5_o_GND_5_o_sub_7_OUT_cy<11>)
     MUXCY:CI->O           1   0.023   0.000  Msub_GND_5_o_GND_5_o_sub_7_OUT_cy<12> (Msub_GND_5_o_GND_5_o_sub_7_OUT_cy<12>)
     MUXCY:CI->O           1   0.023   0.000  Msub_GND_5_o_GND_5_o_sub_7_OUT_cy<13> (Msub_GND_5_o_GND_5_o_sub_7_OUT_cy<13>)
     MUXCY:CI->O           1   0.023   0.000  Msub_GND_5_o_GND_5_o_sub_7_OUT_cy<14> (Msub_GND_5_o_GND_5_o_sub_7_OUT_cy<14>)
     XORCY:CI->O           1   0.206   0.910  Msub_GND_5_o_GND_5_o_sub_7_OUT_xor<15> (GND_5_o_GND_5_o_sub_7_OUT<15>)
     LUT6:I3->O            1   0.235   0.000  Mcompar__n0032_lut<5> (Mcompar__n0032_lut<5>)
     MUXCY:S->O            1   0.215   0.000  Mcompar__n0032_cy<5> (Mcompar__n0032_cy<5>)
     MUXCY:CI->O           1   0.023   0.000  Mcompar__n0032_cy<6> (_n0032)
     MUXCY:CI->O           1   0.023   0.000  pwm_out_rstpot_cy (_n0032_l1)
     MUXCY:CI->O           1   0.262   0.000  pwm_out_rstpot_cy1 (pwm_out_rstpot)
     FDC:D                     0.074          pwm_out
    ----------------------------------------
    Total                      4.685ns (3.050ns logic, 1.635ns route)
                                       (65.1% logic, 34.9% route)

=========================================================================
Timing constraint: Default OFFSET IN BEFORE for Clock 'clk'
  Total number of paths / destination ports: 2995 / 80
-------------------------------------------------------------------------
Offset:              13.522ns (Levels of Logic = 4)
  Source:            duty<3> (PAD)
  Destination:       Mmult_n00191 (DSP)
  Destination Clock: clk rising

  Data Path: duty<3> to Mmult_n00191
                                Gate     Net
    Cell:in->out      fanout   Delay   Delay  Logical Name (Net Name)
    ----------------------------------------  ------------
     IBUF:I->O             5   1.328   1.296  duty_3_IBUF (Madd_duty[10]_GND_5_o_add_0_OUT_lut<3>)
     LUT6:I0->O            4   0.254   1.080  Madd_duty[10]_GND_5_o_add_0_OUT_cy<6>11 (Madd_duty[10]_GND_5_o_add_0_OUT_cy<6>)
     LUT5:I1->O            1   0.254   0.681  Madd_duty[10]_GND_5_o_add_0_OUT_xor<10>11 (duty[10]_GND_5_o_add_0_OUT<10>)
     DSP48A1:B10->P47     18   5.145   1.234  Mmult_n0019 (Mmult_n0019_P47_to_Mmult_n00191)
     DSP48A1:C30               2.250          Mmult_n00191
    ----------------------------------------
    Total                     13.522ns (9.231ns logic, 4.291ns route)
                                       (68.3% logic, 31.7% route)

=========================================================================
Timing constraint: Default OFFSET OUT AFTER for Clock 'clk'
  Total number of paths / destination ports: 1 / 1
-------------------------------------------------------------------------
Offset:              4.162ns (Levels of Logic = 1)
  Source:            pwm_out (FF)
  Destination:       pwm_out (PAD)
  Source Clock:      clk rising

  Data Path: pwm_out to pwm_out
                                Gate     Net
    Cell:in->out      fanout   Delay   Delay  Logical Name (Net Name)
    ----------------------------------------  ------------
     FDC:C->Q              2   0.525   0.725  pwm_out (pwm_out_OBUF)
     OBUF:I->O                 2.912          pwm_out_OBUF (pwm_out)
    ----------------------------------------
    Total                      4.162ns (3.437ns logic, 0.725ns route)
                                       (82.6% logic, 17.4% route)

=========================================================================

Cross Clock Domains Report:
--------------------------

Clock to Setup on destination clock clk
---------------+---------+---------+---------+---------+
               | Src:Rise| Src:Fall| Src:Rise| Src:Fall|
Source Clock   |Dest:Rise|Dest:Rise|Dest:Fall|Dest:Fall|
---------------+---------+---------+---------+---------+
clk            |    4.685|         |         |         |
---------------+---------+---------+---------+---------+

=========================================================================


Total REAL time to Xst completion: 7.00 secs
Total CPU time to Xst completion: 6.22 secs
 
--> 

Total memory usage is 4448552 kilobytes

Number of errors   :    0 (   0 filtered)
Number of warnings :    1 (   0 filtered)
Number of infos    :    0 (   0 filtered)

