--------------------------------------------------------------------------------
Release 14.7 Trace  (nt64)
Copyright (c) 1995-2013 Xilinx, Inc.  All rights reserved.

C:\Xilinx\14.7\ISE_DS\ISE\bin\nt64\unwrapped\trce.exe -intstyle ise -v 3 -s 2
-n 3 -fastpaths -xml PWM_generator.twx PWM_generator.ncd -o PWM_generator.twr
PWM_generator.pcf

Design file:              PWM_generator.ncd
Physical constraint file: PWM_generator.pcf
Device,package,speed:     xc6slx9,ftg256,C,-2 (PRODUCTION 1.23 2013-10-13)
Report level:             verbose report

Environment Variable      Effect 
--------------------      ------ 
NONE                      No environment variables were set
--------------------------------------------------------------------------------

INFO:Timing:2698 - No timing constraints found, doing default enumeration.
INFO:Timing:3412 - To improve timing, see the Timing Closure User Guide (UG612).
INFO:Timing:2752 - To get complete path coverage, use the unconstrained paths 
   option. All paths that are not constrained will be reported in the 
   unconstrained paths section(s) of the report.
INFO:Timing:3339 - The clock-to-out numbers in this timing report are based on 
   a 50 Ohm transmission line loading model.  For the details of this model, 
   and for more information on accounting for different loading conditions, 
   please see the device datasheet.



Data Sheet report:
-----------------
All values displayed in nanoseconds (ns)

Setup/Hold to clock clk
------------+------------+------------+------------+------------+------------------+--------+
            |Max Setup to|  Process   |Max Hold to |  Process   |                  | Clock  |
Source      | clk (edge) |   Corner   | clk (edge) |   Corner   |Internal Clock(s) | Phase  |
------------+------------+------------+------------+------------+------------------+--------+
duty_pwm<1> |    3.581(R)|      SLOW  |   -1.245(R)|      FAST  |clk_BUFGP         |   0.000|
duty_pwm<2> |    3.591(R)|      SLOW  |   -1.227(R)|      FAST  |clk_BUFGP         |   0.000|
duty_pwm<3> |    3.356(R)|      SLOW  |   -1.072(R)|      FAST  |clk_BUFGP         |   0.000|
duty_pwm<4> |    3.245(R)|      SLOW  |   -0.964(R)|      FAST  |clk_BUFGP         |   0.000|
duty_pwm<5> |    2.777(R)|      SLOW  |   -0.709(R)|      FAST  |clk_BUFGP         |   0.000|
duty_pwm<6> |    3.319(R)|      SLOW  |   -1.101(R)|      FAST  |clk_BUFGP         |   0.000|
reset       |    4.359(R)|      SLOW  |   -0.462(R)|      FAST  |clk_BUFGP         |   0.000|
------------+------------+------------+------------+------------+------------------+--------+

Clock clk to Pad
------------+-----------------+------------+-----------------+------------+------------------+--------+
            |Max (slowest) clk|  Process   |Min (fastest) clk|  Process   |                  | Clock  |
Destination |  (edge) to PAD  |   Corner   |  (edge) to PAD  |   Corner   |Internal Clock(s) | Phase  |
------------+-----------------+------------+-----------------+------------+------------------+--------+
pwm         |         9.268(R)|      SLOW  |         3.902(R)|      FAST  |clk_BUFGP         |   0.000|
------------+-----------------+------------+-----------------+------------+------------------+--------+

Clock to Setup on destination clock clk
---------------+---------+---------+---------+---------+
               | Src:Rise| Src:Fall| Src:Rise| Src:Fall|
Source Clock   |Dest:Rise|Dest:Rise|Dest:Fall|Dest:Fall|
---------------+---------+---------+---------+---------+
clk            |    3.770|         |         |         |
---------------+---------+---------+---------+---------+


Analysis completed Wed Mar 04 17:35:03 2020 
--------------------------------------------------------------------------------

Trace Settings:
-------------------------
Trace Settings 

Peak Memory Usage: 4568 MB



