--------------------------------------------------------------------------------
Release 14.7 Trace  (nt64)
Copyright (c) 1995-2013 Xilinx, Inc.  All rights reserved.

C:\Xilinx\14.7\ISE_DS\ISE\bin\nt64\unwrapped\trce.exe -intstyle ise -v 3 -s 2
-n 3 -fastpaths -xml PWM_config_duty.twx PWM_config_duty.ncd -o
PWM_config_duty.twr PWM_config_duty.pcf

Design file:              PWM_config_duty.ncd
Physical constraint file: PWM_config_duty.pcf
Device,package,speed:     xc6slx9,ftg256,C,-2 (PRODUCTION 1.23 2013-10-13)
Report level:             verbose report

Environment Variable      Effect 
--------------------      ------ 
NONE                      No environment variables were set
--------------------------------------------------------------------------------

INFO:Timing:2698 - No timing constraints found, doing default enumeration.
INFO:Timing:3412 - To improve timing, see the Timing Closure User Guide (UG612).
INFO:Timing:2752 - To get complete path coverage, use the unconstrained paths 
   option. All paths that are not constrained will be reported in the 
   unconstrained paths section(s) of the report.
INFO:Timing:3339 - The clock-to-out numbers in this timing report are based on 
   a 50 Ohm transmission line loading model.  For the details of this model, 
   and for more information on accounting for different loading conditions, 
   please see the device datasheet.



Data Sheet report:
-----------------
All values displayed in nanoseconds (ns)

Setup/Hold to clock clk
------------+------------+------------+------------+------------+------------------+--------+
            |Max Setup to|  Process   |Max Hold to |  Process   |                  | Clock  |
Source      | clk (edge) |   Corner   | clk (edge) |   Corner   |Internal Clock(s) | Phase  |
------------+------------+------------+------------+------------+------------------+--------+
reset       |    3.156(R)|      SLOW  |    0.755(R)|      SLOW  |clk_BUFGP         |   0.000|
user_keys<0>|    3.264(R)|      SLOW  |   -0.065(R)|      SLOW  |clk_BUFGP         |   0.000|
user_keys<1>|    3.376(R)|      SLOW  |   -0.189(R)|      SLOW  |clk_BUFGP         |   0.000|
user_keys<2>|    3.361(R)|      SLOW  |   -0.249(R)|      SLOW  |clk_BUFGP         |   0.000|
user_keys<3>|    3.241(R)|      SLOW  |   -0.280(R)|      SLOW  |clk_BUFGP         |   0.000|
------------+------------+------------+------------+------------+------------------+--------+

Clock clk to Pad
------------+-----------------+------------+-----------------+------------+------------------+--------+
            |Max (slowest) clk|  Process   |Min (fastest) clk|  Process   |                  | Clock  |
Destination |  (edge) to PAD  |   Corner   |  (edge) to PAD  |   Corner   |Internal Clock(s) | Phase  |
------------+-----------------+------------+-----------------+------------+------------------+--------+
duty<0>     |         8.023(R)|      SLOW  |         3.059(R)|      FAST  |clk_BUFGP         |   0.000|
duty<1>     |         8.074(R)|      SLOW  |         3.110(R)|      FAST  |clk_BUFGP         |   0.000|
duty<2>     |         8.074(R)|      SLOW  |         3.110(R)|      FAST  |clk_BUFGP         |   0.000|
duty<3>     |         8.082(R)|      SLOW  |         3.118(R)|      FAST  |clk_BUFGP         |   0.000|
duty<4>     |         8.082(R)|      SLOW  |         3.118(R)|      FAST  |clk_BUFGP         |   0.000|
duty<5>     |         8.032(R)|      SLOW  |         3.068(R)|      FAST  |clk_BUFGP         |   0.000|
duty<6>     |         8.083(R)|      SLOW  |         3.119(R)|      FAST  |clk_BUFGP         |   0.000|
duty<7>     |         9.391(R)|      SLOW  |         3.922(R)|      FAST  |clk_BUFGP         |   0.000|
duty<8>     |         8.032(R)|      SLOW  |         3.068(R)|      FAST  |clk_BUFGP         |   0.000|
duty<9>     |         8.039(R)|      SLOW  |         3.075(R)|      FAST  |clk_BUFGP         |   0.000|
------------+-----------------+------------+-----------------+------------+------------------+--------+


Analysis completed Thu Mar 05 16:05:55 2020 
--------------------------------------------------------------------------------

Trace Settings:
-------------------------
Trace Settings 

Peak Memory Usage: 4568 MB



