Release 14.7 - xst P.20131013 (nt64)
Copyright (c) 1995-2013 Xilinx, Inc.  All rights reserved.
--> Parameter TMPDIR set to xst/projnav.tmp


Total REAL time to Xst completion: 0.00 secs
Total CPU time to Xst completion: 0.29 secs
 
--> Parameter xsthdpdir set to xst


Total REAL time to Xst completion: 0.00 secs
Total CPU time to Xst completion: 0.30 secs
 
--> Reading design: risingEdge_detector.prj

TABLE OF CONTENTS
  1) Synthesis Options Summary
  2) HDL Parsing
  3) HDL Elaboration
  4) HDL Synthesis
       4.1) HDL Synthesis Report
  5) Advanced HDL Synthesis
       5.1) Advanced HDL Synthesis Report
  6) Low Level Synthesis
  7) Partition Report
  8) Design Summary
       8.1) Primitive and Black Box Usage
       8.2) Device utilization summary
       8.3) Partition Resource Summary
       8.4) Timing Report
            8.4.1) Clock Information
            8.4.2) Asynchronous Control Signals Information
            8.4.3) Timing Summary
            8.4.4) Timing Details
            8.4.5) Cross Clock Domains Report


=========================================================================
*                      Synthesis Options Summary                        *
=========================================================================
---- Source Parameters
Input File Name                    : "risingEdge_detector.prj"
Ignore Synthesis Constraint File   : NO

---- Target Parameters
Output File Name                   : "risingEdge_detector"
Output Format                      : NGC
Target Device                      : xc6slx9-2-ftg256

---- Source Options
Top Module Name                    : risingEdge_detector
Automatic FSM Extraction           : YES
FSM Encoding Algorithm             : Auto
Safe Implementation                : No
FSM Style                          : LUT
RAM Extraction                     : Yes
RAM Style                          : Auto
ROM Extraction                     : Yes
Shift Register Extraction          : YES
ROM Style                          : Auto
Resource Sharing                   : YES
Asynchronous To Synchronous        : NO
Shift Register Minimum Size        : 2
Use DSP Block                      : Auto
Automatic Register Balancing       : No

---- Target Options
LUT Combining                      : Auto
Reduce Control Sets                : Auto
Add IO Buffers                     : YES
Global Maximum Fanout              : 100000
Add Generic Clock Buffer(BUFG)     : 16
Register Duplication               : YES
Optimize Instantiated Primitives   : NO
Use Clock Enable                   : Auto
Use Synchronous Set                : Auto
Use Synchronous Reset              : Auto
Pack IO Registers into IOBs        : Auto
Equivalent register Removal        : YES

---- General Options
Optimization Goal                  : Speed
Optimization Effort                : 1
Power Reduction                    : NO
Keep Hierarchy                     : No
Netlist Hierarchy                  : As_Optimized
RTL Output                         : Yes
Global Optimization                : AllClockNets
Read Cores                         : YES
Write Timing Constraints           : NO
Cross Clock Analysis               : NO
Hierarchy Separator                : /
Bus Delimiter                      : <>
Case Specifier                     : Maintain
Slice Utilization Ratio            : 100
BRAM Utilization Ratio             : 100
DSP48 Utilization Ratio            : 100
Auto BRAM Packing                  : NO
Slice Utilization Ratio Delta      : 5

=========================================================================


=========================================================================
*                          HDL Parsing                                  *
=========================================================================
Parsing VHDL file "C:\Users\Maxime\Desktop\Projet_drone\FPGA\Motor_control_FPGA\flipflop_sys.vhd" into library work
Parsing entity <flipflop1>.
Parsing architecture <Behavioral> of entity <flipflop1>.
Parsing VHDL file "C:\Users\Maxime\Desktop\Projet_drone\FPGA\Motor_control_FPGA\flipflop2.vhd" into library work
Parsing entity <flipflop2>.
Parsing architecture <Behavioral> of entity <flipflop2>.
Parsing VHDL file "C:\Users\Maxime\Desktop\Projet_drone\FPGA\Motor_control_FPGA\risingEdge_detector.vhd" into library work
Parsing entity <risingEdge_detector>.
Parsing architecture <Behavioral> of entity <risingedge_detector>.

=========================================================================
*                            HDL Elaboration                            *
=========================================================================

Elaborating entity <risingEdge_detector> (architecture <Behavioral>) from library <work>.

Elaborating entity <flipflop1> (architecture <Behavioral>) from library <work>.

Elaborating entity <flipflop2> (architecture <Behavioral>) from library <work>.

=========================================================================
*                           HDL Synthesis                               *
=========================================================================

Synthesizing Unit <risingEdge_detector>.
    Related source file is "C:\Users\Maxime\Desktop\Projet_drone\FPGA\Motor_control_FPGA\risingEdge_detector.vhd".
    Summary:
	no macro.
Unit <risingEdge_detector> synthesized.

Synthesizing Unit <flipflop1>.
    Related source file is "C:\Users\Maxime\Desktop\Projet_drone\FPGA\Motor_control_FPGA\flipflop_sys.vhd".
    Found 1-bit register for signal <Q_inter>.
    Summary:
	inferred   1 D-type flip-flop(s).
Unit <flipflop1> synthesized.

Synthesizing Unit <flipflop2>.
    Related source file is "C:\Users\Maxime\Desktop\Projet_drone\FPGA\Motor_control_FPGA\flipflop2.vhd".
    Found 1-bit register for signal <Q_inter>.
    Summary:
	inferred   1 D-type flip-flop(s).
Unit <flipflop2> synthesized.

=========================================================================
HDL Synthesis Report

Macro Statistics
# Registers                                            : 2
 1-bit register                                        : 2

=========================================================================

=========================================================================
*                       Advanced HDL Synthesis                          *
=========================================================================


=========================================================================
Advanced HDL Synthesis Report

Macro Statistics
# Registers                                            : 2
 Flip-Flops                                            : 2

=========================================================================

=========================================================================
*                         Low Level Synthesis                           *
=========================================================================

Optimizing unit <risingEdge_detector> ...

Mapping all equations...
Building and optimizing final netlist ...
Found area constraint ratio of 100 (+ 5) on block risingEdge_detector, actual ratio is 0.

Final Macro Processing ...

=========================================================================
Final Register Report

Macro Statistics
# Registers                                            : 2
 Flip-Flops                                            : 2

=========================================================================

=========================================================================
*                           Partition Report                            *
=========================================================================

Partition Implementation Status
-------------------------------

  No Partitions were found in this design.

-------------------------------

=========================================================================
*                            Design Summary                             *
=========================================================================

Top Level Output File Name         : risingEdge_detector.ngc

Primitive and Black Box Usage:
------------------------------
# BELS                             : 2
#      INV                         : 1
#      LUT2                        : 1
# FlipFlops/Latches                : 2
#      FDC                         : 2
# Clock Buffers                    : 1
#      BUFGP                       : 1
# IO Buffers                       : 3
#      IBUF                        : 2
#      OBUF                        : 1

Device utilization summary:
---------------------------

Selected Device : 6slx9ftg256-2 


Slice Logic Utilization: 
 Number of Slice Registers:               2  out of  11440     0%  
 Number of Slice LUTs:                    2  out of   5720     0%  
    Number used as Logic:                 2  out of   5720     0%  

Slice Logic Distribution: 
 Number of LUT Flip Flop pairs used:      4
   Number with an unused Flip Flop:       2  out of      4    50%  
   Number with an unused LUT:             2  out of      4    50%  
   Number of fully used LUT-FF pairs:     0  out of      4     0%  
   Number of unique control sets:         1

IO Utilization: 
 Number of IOs:                           4
 Number of bonded IOBs:                   4  out of    186     2%  

Specific Feature Utilization:
 Number of BUFG/BUFGCTRLs:                1  out of     16     6%  

---------------------------
Partition Resource Summary:
---------------------------

  No Partitions were found in this design.

---------------------------


=========================================================================
Timing Report

NOTE: THESE TIMING NUMBERS ARE ONLY A SYNTHESIS ESTIMATE.
      FOR ACCURATE TIMING INFORMATION PLEASE REFER TO THE TRACE REPORT
      GENERATED AFTER PLACE-and-ROUTE.

Clock Information:
------------------
-----------------------------------+------------------------+-------+
Clock Signal                       | Clock buffer(FF name)  | Load  |
-----------------------------------+------------------------+-------+
clk                                | BUFGP                  | 2     |
-----------------------------------+------------------------+-------+

Asynchronous Control Signals Information:
----------------------------------------
No asynchronous control signals found in this design

Timing Summary:
---------------
Speed Grade: -2

   Minimum period: 1.535ns (Maximum Frequency: 651.466MHz)
   Minimum input arrival time before clock: 3.448ns
   Maximum output required time after clock: 4.118ns
   Maximum combinational path delay: No path found

Timing Details:
---------------
All values displayed in nanoseconds (ns)

=========================================================================
Timing constraint: Default period analysis for Clock 'clk'
  Clock period: 1.535ns (frequency: 651.466MHz)
  Total number of paths / destination ports: 1 / 1
-------------------------------------------------------------------------
Delay:               1.535ns (Levels of Logic = 1)
  Source:            flipflop_sys/Q_inter (FF)
  Destination:       flipflop_ris/Q_inter (FF)
  Source Clock:      clk rising
  Destination Clock: clk rising

  Data Path: flipflop_sys/Q_inter to flipflop_ris/Q_inter
                                Gate     Net
    Cell:in->out      fanout   Delay   Delay  Logical Name (Net Name)
    ----------------------------------------  ------------
     FDC:C->Q              1   0.525   0.682  flipflop_sys/Q_inter (flipflop_sys/Q_inter)
     LUT2:I1->O            1   0.254   0.000  flipflop_ris/D1_D2_AND_3_o1 (flipflop_ris/D1_D2_AND_3_o)
     FDC:D                     0.074          flipflop_ris/Q_inter
    ----------------------------------------
    Total                      1.535ns (0.853ns logic, 0.682ns route)
                                       (55.6% logic, 44.4% route)

=========================================================================
Timing constraint: Default OFFSET IN BEFORE for Clock 'clk'
  Total number of paths / destination ports: 4 / 4
-------------------------------------------------------------------------
Offset:              3.448ns (Levels of Logic = 2)
  Source:            reset (PAD)
  Destination:       flipflop_sys/Q_inter (FF)
  Destination Clock: clk rising

  Data Path: reset to flipflop_sys/Q_inter
                                Gate     Net
    Cell:in->out      fanout   Delay   Delay  Logical Name (Net Name)
    ----------------------------------------  ------------
     IBUF:I->O             1   1.328   0.681  reset_IBUF (reset_IBUF)
     INV:I->O              2   0.255   0.725  flipflop_ris/reset_inv1_INV_0 (flipflop_ris/reset_inv)
     FDC:CLR                   0.459          flipflop_ris/Q_inter
    ----------------------------------------
    Total                      3.448ns (2.042ns logic, 1.406ns route)
                                       (59.2% logic, 40.8% route)

=========================================================================
Timing constraint: Default OFFSET OUT AFTER for Clock 'clk'
  Total number of paths / destination ports: 1 / 1
-------------------------------------------------------------------------
Offset:              4.118ns (Levels of Logic = 1)
  Source:            flipflop_ris/Q_inter (FF)
  Destination:       front (PAD)
  Source Clock:      clk rising

  Data Path: flipflop_ris/Q_inter to front
                                Gate     Net
    Cell:in->out      fanout   Delay   Delay  Logical Name (Net Name)
    ----------------------------------------  ------------
     FDC:C->Q              1   0.525   0.681  flipflop_ris/Q_inter (flipflop_ris/Q_inter)
     OBUF:I->O                 2.912          front_OBUF (front)
    ----------------------------------------
    Total                      4.118ns (3.437ns logic, 0.681ns route)
                                       (83.5% logic, 16.5% route)

=========================================================================

Cross Clock Domains Report:
--------------------------

Clock to Setup on destination clock clk
---------------+---------+---------+---------+---------+
               | Src:Rise| Src:Fall| Src:Rise| Src:Fall|
Source Clock   |Dest:Rise|Dest:Rise|Dest:Fall|Dest:Fall|
---------------+---------+---------+---------+---------+
clk            |    1.535|         |         |         |
---------------+---------+---------+---------+---------+

=========================================================================


Total REAL time to Xst completion: 6.00 secs
Total CPU time to Xst completion: 5.75 secs
 
--> 

Total memory usage is 4447428 kilobytes

Number of errors   :    0 (   0 filtered)
Number of warnings :    0 (   0 filtered)
Number of infos    :    0 (   0 filtered)

