--------------------------------------------------------------------------------
Release 14.7 Trace  (nt64)
Copyright (c) 1995-2013 Xilinx, Inc.  All rights reserved.

C:\Xilinx\14.7\ISE_DS\ISE\bin\nt64\unwrapped\trce.exe -intstyle ise -v 3 -s 2
-n 3 -fastpaths -xml SPI_transceiver.twx SPI_transceiver.ncd -o
SPI_transceiver.twr SPI_transceiver.pcf

Design file:              SPI_transceiver.ncd
Physical constraint file: SPI_transceiver.pcf
Device,package,speed:     xc6slx9,ftg256,C,-2 (PRODUCTION 1.23 2013-10-13)
Report level:             verbose report

Environment Variable      Effect 
--------------------      ------ 
NONE                      No environment variables were set
--------------------------------------------------------------------------------

INFO:Timing:2698 - No timing constraints found, doing default enumeration.
INFO:Timing:3412 - To improve timing, see the Timing Closure User Guide (UG612).
INFO:Timing:2752 - To get complete path coverage, use the unconstrained paths 
   option. All paths that are not constrained will be reported in the 
   unconstrained paths section(s) of the report.
INFO:Timing:3339 - The clock-to-out numbers in this timing report are based on 
   a 50 Ohm transmission line loading model.  For the details of this model, 
   and for more information on accounting for different loading conditions, 
   please see the device datasheet.



Data Sheet report:
-----------------
All values displayed in nanoseconds (ns)

Setup/Hold to clock clk
------------+------------+------------+------------+------------+------------------+--------+
            |Max Setup to|  Process   |Max Hold to |  Process   |                  | Clock  |
Source      | clk (edge) |   Corner   | clk (edge) |   Corner   |Internal Clock(s) | Phase  |
------------+------------+------------+------------+------------+------------------+--------+
mosi        |    0.996(R)|      SLOW  |    0.281(R)|      SLOW  |clk_BUFGP         |   0.000|
reset       |    3.570(R)|      SLOW  |    0.723(R)|      SLOW  |clk_BUFGP         |   0.000|
sclk        |    0.820(R)|      SLOW  |    0.449(R)|      SLOW  |clk_BUFGP         |   0.000|
ssel        |    1.008(R)|      SLOW  |    0.267(R)|      SLOW  |clk_BUFGP         |   0.000|
------------+------------+------------+------------+------------+------------------+--------+

Clock clk to Pad
--------------+-----------------+------------+-----------------+------------+------------------+--------+
              |Max (slowest) clk|  Process   |Min (fastest) clk|  Process   |                  | Clock  |
Destination   |  (edge) to PAD  |   Corner   |  (edge) to PAD  |   Corner   |Internal Clock(s) | Phase  |
--------------+-----------------+------------+-----------------+------------+------------------+--------+
spi_packet<0> |         9.275(R)|      SLOW  |         3.890(R)|      FAST  |clk_BUFGP         |   0.000|
spi_packet<1> |         9.275(R)|      SLOW  |         3.890(R)|      FAST  |clk_BUFGP         |   0.000|
spi_packet<2> |         9.124(R)|      SLOW  |         3.829(R)|      FAST  |clk_BUFGP         |   0.000|
spi_packet<3> |         9.161(R)|      SLOW  |         3.838(R)|      FAST  |clk_BUFGP         |   0.000|
spi_packet<4> |         9.177(R)|      SLOW  |         3.844(R)|      FAST  |clk_BUFGP         |   0.000|
spi_packet<5> |         9.182(R)|      SLOW  |         3.828(R)|      FAST  |clk_BUFGP         |   0.000|
spi_packet<6> |         8.904(R)|      SLOW  |         3.646(R)|      FAST  |clk_BUFGP         |   0.000|
spi_packet<7> |         9.077(R)|      SLOW  |         3.740(R)|      FAST  |clk_BUFGP         |   0.000|
spi_packet<8> |         9.289(R)|      SLOW  |         3.982(R)|      FAST  |clk_BUFGP         |   0.000|
spi_packet<9> |         9.433(R)|      SLOW  |         4.030(R)|      FAST  |clk_BUFGP         |   0.000|
spi_packet<10>|         8.996(R)|      SLOW  |         3.711(R)|      FAST  |clk_BUFGP         |   0.000|
spi_packet<11>|         8.996(R)|      SLOW  |         3.711(R)|      FAST  |clk_BUFGP         |   0.000|
spi_packet<12>|         9.090(R)|      SLOW  |         3.816(R)|      FAST  |clk_BUFGP         |   0.000|
spi_packet<13>|         9.095(R)|      SLOW  |         3.800(R)|      FAST  |clk_BUFGP         |   0.000|
spi_packet<14>|         8.817(R)|      SLOW  |         3.618(R)|      FAST  |clk_BUFGP         |   0.000|
spi_packet<15>|         8.857(R)|      SLOW  |         3.665(R)|      FAST  |clk_BUFGP         |   0.000|
--------------+-----------------+------------+-----------------+------------+------------------+--------+

Clock to Setup on destination clock clk
---------------+---------+---------+---------+---------+
               | Src:Rise| Src:Fall| Src:Rise| Src:Fall|
Source Clock   |Dest:Rise|Dest:Rise|Dest:Fall|Dest:Fall|
---------------+---------+---------+---------+---------+
clk            |    4.252|         |         |         |
---------------+---------+---------+---------+---------+


Analysis completed Thu Mar 05 22:30:52 2020 
--------------------------------------------------------------------------------

Trace Settings:
-------------------------
Trace Settings 

Peak Memory Usage: 4568 MB



