Command line:
   CMD_motors_tb_isim_beh.exe
     -simmode  gui
     -simrunnum  1
     -socket  50194

Thu Mar 05 16:22:11 2020


 Elaboration Time: 0.0625 sec

 Current Memory Usage: 5003.8 Meg

 Total Signals          : 21
 Total Nets             : 32
 Total Signal Drivers   : 9
 Total Blocks           : 7
 Total Primitive Blocks : 5
 Total Processes        : 7
 Total Traceable Variables  : 15
 Total Scalar Nets and Variables : 415

 Total Simulation Time: 12.3906 sec

 Current Memory Usage: 5003.8 Meg

Thu Mar 05 16:23:35 2020

0

