#-----------------------------------------------------------
# PlanAhead v14.7 (64-bit)
# Build 321239 by xbuild on Fri Sep 27 19:29:51 MDT 2013
# Start of session at: Sun Jan 19 19:29:34 2020
# Process ID: 21788
# Log file: C:/Users/Sebastien/Desktop/ise_last/planAhead_run_1/planAhead.log
# Journal file: C:/Users/Sebastien/Desktop/ise_last/planAhead_run_1/planAhead.jou
#-----------------------------------------------------------
INFO: [Common 17-78] Attempting to get a license: PlanAhead
INFO: [Common 17-290] Got license for PlanAhead
INFO: [Common 17-86] Your PlanAhead license expires in -690 day(s)
INFO: [Device 21-36] Loading parts and site information from Z:/14.7/ISE_DS/PlanAhead/data/parts/arch.xml
Parsing RTL primitives file [Z:/14.7/ISE_DS/PlanAhead/data/parts/xilinx/rtl/prims/rtl_prims.xml]
Finished parsing RTL primitives file [Z:/14.7/ISE_DS/PlanAhead/data/parts/xilinx/rtl/prims/rtl_prims.xml]
start_gui
source C:/Users/Sebastien/Desktop/ise_last/pa.fromNetlist.tcl
# create_project -name ise_last -dir "C:/Users/Sebastien/Desktop/ise_last/planAhead_run_1" -part xc3s200ft256-4
# set_property design_mode GateLvl [get_property srcset [current_run -impl]]
# set_property edif_top_file "C:/Users/Sebastien/Desktop/ise_last/CMDE_moteurs.ngc" [ get_property srcset [ current_run ] ]
# add_files -norecurse { {C:/Users/Sebastien/Desktop/ise_last} }
# set_property target_constrs_file "constraints.ucf" [current_fileset -constrset]
Adding file 'C:/Users/Sebastien/Desktop/ise_last/constraints.ucf' to fileset 'constrs_1'
# add_files [list {constraints.ucf}] -fileset [get_property constrset [current_run]]
# link_design
Design is defaulting to srcset: sources_1
Design is defaulting to constrset: constrs_1
Design is defaulting to project part: xc3s200ft256-4
INFO: [Common 17-41] Interrupt caught. Command should exit soon.
Release 14.7 - ngc2edif P.20131013 (nt64)
Copyright (c) 1995-2013 Xilinx, Inc.  All rights reserved.
Reading design CMDE_moteurs.ngc ...
WARNING:NetListWriters:298 - No output is written to CMDE_moteurs.xncf, ignored.
Processing design ...
   Preping design's networks ...
   Preping design's macros ...
  finished :Prep
Writing EDIF netlist file CMDE_moteurs.edif ...
ngc2edif: Total memory usage is 4316048 kilobytes

Parsing EDIF File [./planAhead_run_1/ise_last.data/cache/CMDE_moteurs_ngc_zx.edif]
INFO: [Common 17-344] 'link_design' was cancelled
INFO: [Common 17-344] 'source' was cancelled
exit
ERROR: [PlanAhead 12-106] *** Exception: ui.h.b: Found deleted key in HTclEventBroker. Verify if the classes listed here call cleanup()
HTclEvent: DEBUG_PORT_CONFIG_CHANGE   Classes: ui.views.aR 
HTclEvent: SIGNAL_MODIFY   Classes: ui.views.aR 
HTclEvent: SIGNAL_BUS_MODIFY   Classes: ui.views.aR 
HTclEvent: DEBUG_CORE_CONFIG_CHANGE   Classes: ui.views.aR 
 (See C:/Users/Sebastien/Desktop/ise_last\planAhead_pid21788.debug)
ERROR: [Common 17-39] 'stop_gui' failed due to earlier errors.
INFO: [Common 17-206] Exiting PlanAhead at Sun Jan 19 19:29:58 2020...
INFO: [Common 17-83] Releasing license: PlanAhead
